2025-06-29 22:11:48,214 - INFO - Serving at port 10043
2025-06-29 22:12:08,109 - INFO - Project directory '장신구_명장_임스' created for problem '장신구 명장 임스'
2025-06-29 22:12:08,109 - WARNING - template.cpp not found in current directory. Skipping template appending.
2025-06-29 22:12:08,109 - INFO - Code template for '장신구 명장 임스' written to 장신구_명장_임스\main.cpp
2025-06-29 22:12:08,110 - INFO - Sample test case 1 written to 장신구_명장_임스\input1.txt and 장신구_명장_임스\output1.txt
2025-06-29 22:12:08,115 - INFO - Sample test case 2 written to 장신구_명장_임스\input2.txt and 장신구_명장_임스\output2.txt
2025-06-29 22:12:08,116 - INFO - Limits for '장신구 명장 임스' written to 장신구_명장_임스\limits.txt
2025-06-29 22:12:08,117 - INFO - Latest problem directory '장신구_명장_임스' saved to latest_problem.txt
2025-06-29 22:13:18,983 - INFO - Project directory '장신구_명장_임스' created for problem '장신구 명장 임스'
2025-06-29 22:13:18,983 - INFO - Appended content from template.cpp to 장신구_명장_임스/main.cpp
2025-06-29 22:13:18,984 - INFO - Code template for '장신구 명장 임스' written to 장신구_명장_임스\main.cpp
2025-06-29 22:13:18,984 - INFO - Sample test case 1 written to 장신구_명장_임스\input1.txt and 장신구_명장_임스\output1.txt
2025-06-29 22:13:18,985 - INFO - Sample test case 2 written to 장신구_명장_임스\input2.txt and 장신구_명장_임스\output2.txt
2025-06-29 22:13:18,985 - INFO - Limits for '장신구 명장 임스' written to 장신구_명장_임스\limits.txt
2025-06-29 22:13:18,985 - INFO - Latest problem directory '장신구_명장_임스' saved to latest_problem.txt
2025-06-29 22:40:04,369 - INFO - Serving at port 10043
2025-06-30 00:40:19,962 - INFO - Serving at port 10043
2025-06-30 00:40:30,315 - INFO - Project directory '면접보는_승범이네' created for problem '면접보는 승범이네'
2025-06-30 00:40:30,315 - INFO - Appended content from template.cpp to 면접보는_승범이네/main.cpp
2025-06-30 00:40:30,316 - INFO - Code template for '면접보는 승범이네' written to 면접보는_승범이네\main.cpp
2025-06-30 00:40:30,316 - INFO - Sample test case 1 written to 면접보는_승범이네\input1.txt and 면접보는_승범이네\output1.txt
2025-06-30 00:40:30,322 - INFO - Sample test case 2 written to 면접보는_승범이네\input2.txt and 면접보는_승범이네\output2.txt
2025-06-30 00:40:30,323 - INFO - Limits for '면접보는 승범이네' written to 면접보는_승범이네\limits.txt
2025-06-30 00:40:30,324 - INFO - Latest problem directory '면접보는_승범이네' saved to latest_problem.txt
2025-06-30 01:40:32,770 - INFO - Serving at port 10043
2025-06-30 10:27:30,978 - INFO - Serving at port 10043
2025-06-30 10:27:43,912 - INFO - Project directory '등산' created for problem '등산'
2025-06-30 10:27:43,913 - INFO - Appended content from template.cpp to 등산/main.cpp
2025-06-30 10:27:43,913 - INFO - Code template for '등산' written to 등산\main.cpp
2025-06-30 10:27:43,914 - INFO - Sample test case 1 written to 등산\input1.txt and 등산\output1.txt
2025-06-30 10:27:43,915 - INFO - Sample test case 2 written to 등산\input2.txt and 등산\output2.txt
2025-06-30 10:27:43,922 - INFO - Sample test case 3 written to 등산\input3.txt and 등산\output3.txt
2025-06-30 10:27:43,923 - INFO - Sample test case 4 written to 등산\input4.txt and 등산\output4.txt
2025-06-30 10:27:43,923 - INFO - Sample test case 5 written to 등산\input5.txt and 등산\output5.txt
2025-06-30 10:27:43,924 - INFO - Sample test case 6 written to 등산\input6.txt and 등산\output6.txt
2025-06-30 10:27:43,925 - INFO - Sample test case 7 written to 등산\input7.txt and 등산\output7.txt
2025-06-30 10:27:43,925 - INFO - Limits for '등산' written to 등산\limits.txt
2025-06-30 10:27:43,925 - INFO - Latest problem directory '등산' saved to latest_problem.txt
2025-06-30 12:17:32,903 - INFO - Serving at port 10043
2025-06-30 12:17:35,488 - INFO - Project directory '도로포장' created for problem '도로포장'
2025-06-30 12:17:35,488 - INFO - Appended content from template.cpp to 도로포장/main.cpp
2025-06-30 12:17:35,489 - INFO - Code template for '도로포장' written to 도로포장\main.cpp
2025-06-30 12:17:35,490 - INFO - Sample test case 1 written to 도로포장\input1.txt and 도로포장\output1.txt
2025-06-30 12:17:35,490 - INFO - Limits for '도로포장' written to 도로포장\limits.txt
2025-06-30 12:17:35,490 - INFO - Latest problem directory '도로포장' saved to latest_problem.txt
2025-06-30 13:27:12,120 - INFO - Serving at port 10043
2025-06-30 13:27:14,186 - INFO - Project directory '중복된_숫자' created for problem '중복된 숫자'
2025-06-30 13:27:14,186 - INFO - Appended content from template.cpp to 중복된_숫자/main.cpp
2025-06-30 13:27:14,186 - INFO - Code template for '중복된 숫자' written to 중복된_숫자\main.cpp
2025-06-30 13:27:14,187 - INFO - Sample test case 1 written to 중복된_숫자\input1.txt and 중복된_숫자\output1.txt
2025-06-30 13:27:14,187 - INFO - Limits for '중복된 숫자' written to 중복된_숫자\limits.txt
2025-06-30 13:27:14,187 - INFO - Latest problem directory '중복된_숫자' saved to latest_problem.txt
2025-06-30 13:31:41,598 - INFO - Serving at port 10043
2025-06-30 13:32:17,007 - INFO - Serving at port 10043
2025-06-30 13:32:46,215 - INFO - Serving at port 10043
2025-06-30 13:39:16,506 - INFO - Serving at port 10043
2025-06-30 13:39:17,726 - INFO - Project directory '구구단표' created for problem '구구단표'
2025-06-30 13:39:17,726 - INFO - Appended content from template.cpp to 구구단표/main.cpp
2025-06-30 13:39:17,728 - INFO - Code template for '구구단표' written to 구구단표\main.cpp
2025-06-30 13:39:17,728 - INFO - Sample test case 1 written to 구구단표\input1.txt and 구구단표\output1.txt
2025-06-30 13:39:17,729 - INFO - Sample test case 2 written to 구구단표\input2.txt and 구구단표\output2.txt
2025-06-30 13:39:17,729 - INFO - Limits for '구구단표' written to 구구단표\limits.txt
2025-06-30 13:39:17,729 - INFO - Latest problem directory '구구단표' saved to latest_problem.txt
2025-06-30 13:51:40,145 - INFO - Serving at port 10043
2025-06-30 13:51:41,751 - ERROR - An error occurred: [WinError 123] 파일 이름, 디렉터리 이름 또는 볼륨 레이블 구문이 잘못되었습니다: '2025는_무엇이_특별할까?'
Traceback (most recent call last):
  File "C:\Users\rlfjr\CLionProjects\BOJ\cp-setup.py", line 37, in process_data
    os.makedirs(project_dir)
  File "<frozen os>", line 225, in makedirs
OSError: [WinError 123] 파일 이름, 디렉터리 이름 또는 볼륨 레이블 구문이 잘못되었습니다: '2025는_무엇이_특별할까?'
2025-06-30 13:51:45,219 - ERROR - An error occurred: [WinError 123] 파일 이름, 디렉터리 이름 또는 볼륨 레이블 구문이 잘못되었습니다: '2025는_무엇이_특별할까?'
Traceback (most recent call last):
  File "C:\Users\rlfjr\CLionProjects\BOJ\cp-setup.py", line 37, in process_data
    os.makedirs(project_dir)
  File "<frozen os>", line 225, in makedirs
OSError: [WinError 123] 파일 이름, 디렉터리 이름 또는 볼륨 레이블 구문이 잘못되었습니다: '2025는_무엇이_특별할까?'
2025-06-30 13:51:56,883 - INFO - Serving at port 10043
2025-06-30 13:51:58,541 - ERROR - An error occurred: [WinError 123] 파일 이름, 디렉터리 이름 또는 볼륨 레이블 구문이 잘못되었습니다: '2025는_무엇이_특별할까?'
Traceback (most recent call last):
  File "C:\Users\rlfjr\CLionProjects\BOJ\cp-setup.py", line 37, in process_data
    os.makedirs(project_dir)
  File "<frozen os>", line 225, in makedirs
OSError: [WinError 123] 파일 이름, 디렉터리 이름 또는 볼륨 레이블 구문이 잘못되었습니다: '2025는_무엇이_특별할까?'
2025-06-30 13:56:55,254 - INFO - Serving at port 10043
2025-06-30 13:57:00,862 - ERROR - An error occurred: [WinError 123] 파일 이름, 디렉터리 이름 또는 볼륨 레이블 구문이 잘못되었습니다: '2025는_무엇이_특별할까?'
Traceback (most recent call last):
  File "C:\Users\rlfjr\CLionProjects\BOJ\cp-setup.py", line 37, in process_data
    os.makedirs(project_dir)
  File "<frozen os>", line 225, in makedirs
OSError: [WinError 123] 파일 이름, 디렉터리 이름 또는 볼륨 레이블 구문이 잘못되었습니다: '2025는_무엇이_특별할까?'
2025-06-30 13:58:57,014 - ERROR - An error occurred: [WinError 123] 파일 이름, 디렉터리 이름 또는 볼륨 레이블 구문이 잘못되었습니다: '2025는_무엇이_특별할까?'
Traceback (most recent call last):
  File "C:\Users\rlfjr\CLionProjects\BOJ\cp-setup.py", line 37, in process_data
    # Windows에서 금지된 문자들을 제거/대체
        ^^^^^^^^^^^^^^^^^^^
  File "<frozen os>", line 225, in makedirs
OSError: [WinError 123] 파일 이름, 디렉터리 이름 또는 볼륨 레이블 구문이 잘못되었습니다: '2025는_무엇이_특별할까?'
2025-06-30 13:59:03,721 - INFO - Serving at port 10043
2025-06-30 13:59:06,593 - INFO - Project directory '2025는_무엇이_특별할까' created for problem '2025는 무엇이 특별할까?'
2025-06-30 13:59:06,594 - INFO - Appended content from template.cpp to 2025는_무엇이_특별할까/main.cpp
2025-06-30 13:59:06,594 - INFO - Code template for '2025는 무엇이 특별할까?' written to 2025는_무엇이_특별할까\main.cpp
2025-06-30 13:59:06,595 - INFO - Sample test case 1 written to 2025는_무엇이_특별할까\input1.txt and 2025는_무엇이_특별할까\output1.txt
2025-06-30 13:59:06,596 - INFO - Sample test case 2 written to 2025는_무엇이_특별할까\input2.txt and 2025는_무엇이_특별할까\output2.txt
2025-06-30 13:59:06,597 - INFO - Sample test case 3 written to 2025는_무엇이_특별할까\input3.txt and 2025는_무엇이_특별할까\output3.txt
2025-06-30 13:59:06,598 - INFO - Limits for '2025는 무엇이 특별할까?' written to 2025는_무엇이_특별할까\limits.txt
2025-06-30 13:59:06,598 - INFO - Latest problem directory '2025는_무엇이_특별할까' saved to latest_problem.txt
2025-06-30 14:31:23,341 - INFO - Serving at port 10043
2025-06-30 14:31:24,918 - INFO - Project directory '스타트와_링크' created for problem '스타트와 링크'
2025-06-30 14:31:24,918 - INFO - Appended content from template.cpp to 스타트와_링크/main.cpp
2025-06-30 14:31:24,919 - INFO - Code template for '스타트와 링크' written to 스타트와_링크\main.cpp
2025-06-30 14:31:24,919 - INFO - Sample test case 1 written to 스타트와_링크\input1.txt and 스타트와_링크\output1.txt
2025-06-30 14:31:24,921 - INFO - Sample test case 2 written to 스타트와_링크\input2.txt and 스타트와_링크\output2.txt
2025-06-30 14:31:24,923 - INFO - Sample test case 3 written to 스타트와_링크\input3.txt and 스타트와_링크\output3.txt
2025-06-30 14:31:24,923 - INFO - Limits for '스타트와 링크' written to 스타트와_링크\limits.txt
2025-06-30 14:31:24,923 - INFO - Latest problem directory '스타트와_링크' saved to latest_problem.txt
2025-06-30 15:39:55,330 - INFO - Serving at port 10043
2025-06-30 15:39:56,257 - INFO - Project directory 'ISBN' created for problem 'ISBN'
2025-06-30 15:39:56,257 - INFO - Appended content from template.cpp to ISBN/main.cpp
2025-06-30 15:39:56,257 - INFO - Code template for 'ISBN' written to ISBN\main.cpp
2025-06-30 15:39:56,258 - INFO - Sample test case 1 written to ISBN\input1.txt and ISBN\output1.txt
2025-06-30 15:39:56,258 - INFO - Limits for 'ISBN' written to ISBN\limits.txt
2025-06-30 15:39:56,258 - INFO - Latest problem directory 'ISBN' saved to latest_problem.txt
2025-06-30 15:40:51,426 - INFO - Serving at port 10043
2025-06-30 17:10:45,092 - INFO - Project directory '문자열' created for problem '문자열'
2025-06-30 17:10:45,093 - INFO - Appended content from template.cpp to 문자열/main.cpp
2025-06-30 17:10:45,094 - INFO - Code template for '문자열' written to 문자열\main.cpp
2025-06-30 17:10:45,094 - INFO - Sample test case 1 written to 문자열\input1.txt and 문자열\output1.txt
2025-06-30 17:10:45,095 - INFO - Sample test case 2 written to 문자열\input2.txt and 문자열\output2.txt
2025-06-30 17:10:45,097 - INFO - Sample test case 3 written to 문자열\input3.txt and 문자열\output3.txt
2025-06-30 17:10:45,098 - INFO - Sample test case 4 written to 문자열\input4.txt and 문자열\output4.txt
2025-06-30 17:10:45,098 - INFO - Sample test case 5 written to 문자열\input5.txt and 문자열\output5.txt
2025-06-30 17:10:45,099 - INFO - Limits for '문자열' written to 문자열\limits.txt
2025-06-30 17:10:45,099 - INFO - Latest problem directory '문자열' saved to latest_problem.txt
2025-06-30 17:29:01,085 - INFO - Project directory '정수_제곱근' created for problem '정수 제곱근'
2025-06-30 17:29:01,085 - INFO - Appended content from template.cpp to 정수_제곱근/main.cpp
2025-06-30 17:29:01,086 - INFO - Code template for '정수 제곱근' written to 정수_제곱근\main.cpp
2025-06-30 17:29:01,086 - INFO - Sample test case 1 written to 정수_제곱근\input1.txt and 정수_제곱근\output1.txt
2025-06-30 17:29:01,087 - INFO - Limits for '정수 제곱근' written to 정수_제곱근\limits.txt
2025-06-30 17:29:01,087 - INFO - Latest problem directory '정수_제곱근' saved to latest_problem.txt
2025-06-30 18:52:49,747 - INFO - Project directory '현수막_걸기' created for problem '현수막 걸기'
2025-06-30 18:52:49,749 - INFO - Appended content from template.cpp to 현수막_걸기/main.cpp
2025-06-30 18:52:49,750 - INFO - Code template for '현수막 걸기' written to 현수막_걸기\main.cpp
2025-06-30 18:52:49,751 - INFO - Sample test case 1 written to 현수막_걸기\input1.txt and 현수막_걸기\output1.txt
2025-06-30 18:52:49,753 - INFO - Sample test case 2 written to 현수막_걸기\input2.txt and 현수막_걸기\output2.txt
2025-06-30 18:52:49,754 - INFO - Sample test case 3 written to 현수막_걸기\input3.txt and 현수막_걸기\output3.txt
2025-06-30 18:52:49,755 - INFO - Limits for '현수막 걸기' written to 현수막_걸기\limits.txt
2025-06-30 18:52:49,756 - INFO - Latest problem directory '현수막_걸기' saved to latest_problem.txt
2025-06-30 21:49:37,942 - INFO - Project directory '우선순위_큐와_시뮬레이션' created for problem '우선순위 큐와 시뮬레이션'
2025-06-30 21:49:37,945 - INFO - Appended content from template.cpp to 우선순위_큐와_시뮬레이션/main.cpp
2025-06-30 21:49:37,946 - INFO - Code template for '우선순위 큐와 시뮬레이션' written to 우선순위_큐와_시뮬레이션\main.cpp
2025-06-30 21:49:37,947 - INFO - Sample test case 1 written to 우선순위_큐와_시뮬레이션\input1.txt and 우선순위_큐와_시뮬레이션\output1.txt
2025-06-30 21:49:37,948 - INFO - Limits for '우선순위 큐와 시뮬레이션' written to 우선순위_큐와_시뮬레이션\limits.txt
2025-06-30 21:49:37,949 - INFO - Latest problem directory '우선순위_큐와_시뮬레이션' saved to latest_problem.txt
2025-07-01 00:46:12,796 - INFO - Project directory '기타줄' created for problem '기타줄'
2025-07-01 00:46:12,797 - INFO - Appended content from template.cpp to 기타줄/main.cpp
2025-07-01 00:46:12,799 - INFO - Code template for '기타줄' written to 기타줄\main.cpp
2025-07-01 00:46:12,800 - INFO - Sample test case 1 written to 기타줄\input1.txt and 기타줄\output1.txt
2025-07-01 00:46:12,802 - INFO - Sample test case 2 written to 기타줄\input2.txt and 기타줄\output2.txt
2025-07-01 00:46:12,804 - INFO - Sample test case 3 written to 기타줄\input3.txt and 기타줄\output3.txt
2025-07-01 00:46:12,805 - INFO - Sample test case 4 written to 기타줄\input4.txt and 기타줄\output4.txt
2025-07-01 00:46:12,807 - INFO - Sample test case 5 written to 기타줄\input5.txt and 기타줄\output5.txt
2025-07-01 00:46:12,808 - INFO - Sample test case 6 written to 기타줄\input6.txt and 기타줄\output6.txt
2025-07-01 00:46:12,809 - INFO - Limits for '기타줄' written to 기타줄\limits.txt
2025-07-01 00:46:12,809 - INFO - Latest problem directory '기타줄' saved to latest_problem.txt
2025-07-01 00:59:54,548 - INFO - Project directory '알고리즘_수업_-_병합_정렬_2' created for problem '알고리즘 수업 - 병합 정렬 2'
2025-07-01 00:59:54,548 - INFO - Appended content from template.cpp to 알고리즘_수업_-_병합_정렬_2/main.cpp
2025-07-01 00:59:54,549 - INFO - Code template for '알고리즘 수업 - 병합 정렬 2' written to 알고리즘_수업_-_병합_정렬_2\main.cpp
2025-07-01 00:59:54,551 - INFO - Sample test case 1 written to 알고리즘_수업_-_병합_정렬_2\input1.txt and 알고리즘_수업_-_병합_정렬_2\output1.txt
2025-07-01 00:59:54,557 - INFO - Sample test case 2 written to 알고리즘_수업_-_병합_정렬_2\input2.txt and 알고리즘_수업_-_병합_정렬_2\output2.txt
2025-07-01 00:59:54,558 - INFO - Limits for '알고리즘 수업 - 병합 정렬 2' written to 알고리즘_수업_-_병합_정렬_2\limits.txt
2025-07-01 00:59:54,559 - INFO - Latest problem directory '알고리즘_수업_-_병합_정렬_2' saved to latest_problem.txt
2025-07-01 07:58:50,188 - INFO - Serving at port 10043
2025-07-01 07:58:53,447 - INFO - Project directory '1' created for problem '1'
2025-07-01 07:58:53,449 - INFO - Appended content from template.cpp to 1/main.cpp
2025-07-01 07:58:53,450 - INFO - Code template for '1' written to 1\main.cpp
2025-07-01 07:58:53,452 - INFO - Sample test case 1 written to 1\input1.txt and 1\output1.txt
2025-07-01 07:58:53,453 - INFO - Limits for '1' written to 1\limits.txt
2025-07-01 07:58:53,454 - INFO - Latest problem directory '1' saved to latest_problem.txt
2025-07-01 12:54:01,581 - INFO - Project directory '돌_게임_3' created for problem '돌 게임 3'
2025-07-01 12:54:01,582 - INFO - Appended content from template.cpp to 돌_게임_3/main.cpp
2025-07-01 12:54:01,584 - INFO - Code template for '돌 게임 3' written to 돌_게임_3\main.cpp
2025-07-01 12:54:01,585 - INFO - Sample test case 1 written to 돌_게임_3\input1.txt and 돌_게임_3\output1.txt
2025-07-01 12:54:01,587 - INFO - Limits for '돌 게임 3' written to 돌_게임_3\limits.txt
2025-07-01 12:54:01,587 - INFO - Latest problem directory '돌_게임_3' saved to latest_problem.txt
2025-07-01 15:48:48,825 - INFO - Project directory '초콜릿_식사' created for problem '초콜릿 식사'
2025-07-01 15:48:48,825 - INFO - Appended content from template.cpp to 초콜릿_식사/main.cpp
2025-07-01 15:48:48,826 - INFO - Code template for '초콜릿 식사' written to 초콜릿_식사\main.cpp
2025-07-01 15:48:48,828 - INFO - Sample test case 1 written to 초콜릿_식사\input1.txt and 초콜릿_식사\output1.txt
2025-07-01 15:48:48,828 - INFO - Limits for '초콜릿 식사' written to 초콜릿_식사\limits.txt
2025-07-01 15:48:48,828 - INFO - Latest problem directory '초콜릿_식사' saved to latest_problem.txt
2025-07-01 15:51:04,021 - INFO - Serving at port 10043
2025-07-01 15:51:08,484 - INFO - Project directory '초콜릿_식사' created for problem '초콜릿 식사'
2025-07-01 15:51:08,484 - INFO - Appended content from template.cpp to 초콜릿_식사/main.cpp
2025-07-01 15:51:08,485 - INFO - Code template for '초콜릿 식사' written to 초콜릿_식사\main.cpp
2025-07-01 15:51:08,486 - INFO - Sample test case 1 written to 초콜릿_식사\input1.txt and 초콜릿_식사\output1.txt
2025-07-01 15:51:08,486 - INFO - Limits for '초콜릿 식사' written to 초콜릿_식사\limits.txt
2025-07-01 15:51:08,486 - INFO - Latest problem directory '초콜릿_식사' saved to latest_problem.txt
2025-07-01 17:42:16,316 - INFO - Serving at port 10043
2025-07-01 17:42:27,298 - INFO - Project directory '초콜릿_식사' created for problem '초콜릿 식사'
2025-07-01 17:42:27,298 - INFO - Appended content from template.cpp to 초콜릿_식사/main.cpp
2025-07-01 17:42:27,299 - INFO - Code template for '초콜릿 식사' written to 초콜릿_식사\main.cpp
2025-07-01 17:42:27,300 - INFO - Sample test case 1 written to 초콜릿_식사\input1.txt and 초콜릿_식사\output1.txt
2025-07-01 17:42:27,300 - INFO - Limits for '초콜릿 식사' written to 초콜릿_식사\limits.txt
2025-07-01 17:42:27,300 - INFO - Latest problem directory '초콜릿_식사' saved to latest_problem.txt
2025-07-01 17:46:20,927 - INFO - Project directory '초콜릿_식사' created for problem '초콜릿 식사'
2025-07-01 17:46:20,928 - INFO - Appended content from template.cpp to 초콜릿_식사/main.cpp
2025-07-01 17:46:20,928 - INFO - Code template for '초콜릿 식사' written to 초콜릿_식사\main.cpp
2025-07-01 17:46:20,930 - INFO - Sample test case 1 written to 초콜릿_식사\input1.txt and 초콜릿_식사\output1.txt
2025-07-01 17:46:20,931 - INFO - Limits for '초콜릿 식사' written to 초콜릿_식사\limits.txt
2025-07-01 17:46:20,931 - INFO - Latest problem directory '초콜릿_식사' saved to latest_problem.txt
2025-07-01 17:50:01,538 - INFO - Serving at port 10043
2025-07-01 17:50:05,525 - INFO - Project directory '초콜릿_식사' created for problem '초콜릿 식사'
2025-07-01 17:50:05,525 - INFO - Appended content from template.cpp to 초콜릿_식사/main.cpp
2025-07-01 17:50:05,526 - INFO - Code template for '초콜릿 식사' written to 초콜릿_식사\main.cpp
2025-07-01 17:50:05,527 - INFO - Sample test case 1 written to 초콜릿_식사\input1.txt and 초콜릿_식사\output1.txt
2025-07-01 17:50:05,527 - INFO - Limits for '초콜릿 식사' written to 초콜릿_식사\limits.txt
2025-07-01 17:50:05,528 - INFO - Latest problem directory '초콜릿_식사' saved to latest_problem.txt
2025-07-01 17:53:04,786 - INFO - Serving at port 10043
2025-07-01 17:53:07,103 - INFO - Project directory '초콜릿_식사' created for problem '초콜릿 식사'
2025-07-01 17:53:07,104 - INFO - Appended content from template.cpp to 초콜릿_식사/main.cpp
2025-07-01 17:53:07,105 - INFO - Code template for '초콜릿 식사' written to 초콜릿_식사\main.cpp
2025-07-01 17:53:07,105 - INFO - Sample test case 1 written to 초콜릿_식사\input1.txt and 초콜릿_식사\output1.txt
2025-07-01 17:53:07,106 - INFO - Limits for '초콜릿 식사' written to 초콜릿_식사\limits.txt
2025-07-01 17:53:07,106 - INFO - Latest problem directory '초콜릿_식사' saved to latest_problem.txt
2025-07-01 17:57:52,160 - INFO - Serving at port 10043
2025-07-01 17:57:53,822 - INFO - Project directory '초콜릿_식사' created for problem '초콜릿 식사'
2025-07-01 17:57:53,823 - INFO - Appended content from template.cpp to 초콜릿_식사/main.cpp
2025-07-01 17:57:53,824 - INFO - Code template for '초콜릿 식사' written to 초콜릿_식사\main.cpp
2025-07-01 17:57:53,824 - INFO - Sample test case 1 written to 초콜릿_식사\input1.txt and 초콜릿_식사\output1.txt
2025-07-01 17:57:53,825 - INFO - Limits for '초콜릿 식사' written to 초콜릿_식사\limits.txt
2025-07-01 17:57:53,825 - INFO - Latest problem directory '초콜릿_식사' saved to latest_problem.txt
2025-07-01 18:00:00,955 - INFO - Serving at port 10043
2025-07-01 18:00:15,353 - INFO - Project directory '초콜릿_식사' created for problem '초콜릿 식사'
2025-07-01 18:00:15,354 - INFO - Appended content from template.cpp to 초콜릿_식사/main.cpp
2025-07-01 18:00:15,354 - INFO - Code template for '초콜릿 식사' written to 초콜릿_식사\main.cpp
2025-07-01 18:00:15,355 - INFO - Sample test case 1 written to 초콜릿_식사\input1.txt and 초콜릿_식사\output1.txt
2025-07-01 18:00:15,356 - INFO - Limits for '초콜릿 식사' written to 초콜릿_식사\limits.txt
2025-07-01 18:00:15,356 - INFO - Latest problem directory '초콜릿_식사' saved to latest_problem.txt
2025-07-01 18:00:37,307 - INFO - Project directory '초콜릿_식사' created for problem '초콜릿 식사'
2025-07-01 18:00:37,307 - INFO - Appended content from template.cpp to 초콜릿_식사/main.cpp
2025-07-01 18:00:37,308 - INFO - Code template for '초콜릿 식사' written to 초콜릿_식사\main.cpp
2025-07-01 18:00:37,309 - INFO - Sample test case 1 written to 초콜릿_식사\input1.txt and 초콜릿_식사\output1.txt
2025-07-01 18:00:37,309 - INFO - Limits for '초콜릿 식사' written to 초콜릿_식사\limits.txt
2025-07-01 18:00:37,310 - INFO - Latest problem directory '초콜릿_식사' saved to latest_problem.txt
2025-07-01 18:01:58,154 - INFO - Serving at port 10043
2025-07-01 18:01:59,624 - INFO - Project directory '초콜릿_식사' created for problem '초콜릿 식사'
2025-07-01 18:01:59,625 - INFO - Appended content from template.cpp to 초콜릿_식사/main.cpp
2025-07-01 18:01:59,625 - INFO - Code template for '초콜릿 식사' written to 초콜릿_식사\main.cpp
2025-07-01 18:01:59,626 - INFO - Sample test case 1 written to 초콜릿_식사\input1.txt and 초콜릿_식사\output1.txt
2025-07-01 18:01:59,626 - INFO - Limits for '초콜릿 식사' written to 초콜릿_식사\limits.txt
2025-07-01 18:01:59,627 - INFO - Latest problem directory '초콜릿_식사' saved to latest_problem.txt
2025-07-01 18:06:03,299 - INFO - Serving at port 10043
2025-07-01 18:06:06,559 - INFO - Project directory '초콜릿_식사' created for problem '초콜릿 식사'
2025-07-01 18:06:06,560 - INFO - Appended content from template.cpp to 초콜릿_식사/main.cpp
2025-07-01 18:06:06,560 - INFO - Code template for '초콜릿 식사' written to 초콜릿_식사\main.cpp
2025-07-01 18:06:06,561 - INFO - Sample test case 1 written to 초콜릿_식사\input1.txt and 초콜릿_식사\output1.txt
2025-07-01 18:06:06,561 - INFO - Limits for '초콜릿 식사' written to 초콜릿_식사\limits.txt
2025-07-01 18:06:06,561 - INFO - Latest problem directory '초콜릿_식사' saved to latest_problem.txt
2025-07-01 18:11:29,057 - INFO - Serving at port 10043
2025-07-01 18:11:34,130 - INFO - Project directory '초콜릿_식사' created for problem '초콜릿 식사'
2025-07-01 18:11:34,130 - INFO - Appended content from template.cpp to 초콜릿_식사/main.cpp
2025-07-01 18:11:34,131 - INFO - Code template for '초콜릿 식사' written to 초콜릿_식사\main.cpp
2025-07-01 18:11:34,131 - INFO - Sample test case 1 written to 초콜릿_식사\input1.txt and 초콜릿_식사\output1.txt
2025-07-01 18:11:34,132 - INFO - Limits for '초콜릿 식사' written to 초콜릿_식사\limits.txt
2025-07-01 18:11:34,132 - INFO - Latest problem directory '초콜릿_식사' saved to latest_problem.txt
2025-07-01 18:25:06,619 - INFO - Serving at port 10043
2025-07-01 18:25:09,708 - INFO - Project directory '초콜릿_식사' created for problem '초콜릿 식사'
2025-07-01 18:25:09,709 - INFO - Appended content from template.cpp to 초콜릿_식사/main.cpp
2025-07-01 18:25:09,710 - INFO - Code template for '초콜릿 식사' written to 초콜릿_식사\main.cpp
2025-07-01 18:25:09,710 - INFO - Sample test case 1 written to 초콜릿_식사\input1.txt and 초콜릿_식사\output1.txt
2025-07-01 18:25:09,711 - INFO - Limits for '초콜릿 식사' written to 초콜릿_식사\limits.txt
2025-07-01 18:25:09,711 - INFO - Latest problem directory '초콜릿_식사' saved to latest_problem.txt
2025-07-01 18:26:16,175 - INFO - Project directory '초콜릿_식사' created for problem '초콜릿 식사'
2025-07-01 18:26:16,175 - INFO - Appended content from template.cpp to 초콜릿_식사/main.cpp
2025-07-01 18:26:16,176 - INFO - Code template for '초콜릿 식사' written to 초콜릿_식사\main.cpp
2025-07-01 18:26:16,177 - INFO - Sample test case 1 written to 초콜릿_식사\input1.txt and 초콜릿_식사\output1.txt
2025-07-01 18:26:16,177 - INFO - Limits for '초콜릿 식사' written to 초콜릿_식사\limits.txt
2025-07-01 18:26:16,178 - INFO - Latest problem directory '초콜릿_식사' saved to latest_problem.txt
2025-07-01 18:27:33,149 - INFO - Serving at port 10043
2025-07-01 18:27:34,803 - INFO - Project directory '초콜릿_식사' created for problem '초콜릿 식사'
2025-07-01 18:27:34,804 - INFO - Appended content from template.cpp to 초콜릿_식사/main.cpp
2025-07-01 18:27:34,804 - INFO - Code template for '초콜릿 식사' written to 초콜릿_식사\main.cpp
2025-07-01 18:27:34,805 - INFO - Sample test case 1 written to 초콜릿_식사\input1.txt and 초콜릿_식사\output1.txt
2025-07-01 18:27:34,805 - INFO - Limits for '초콜릿 식사' written to 초콜릿_식사\limits.txt
2025-07-01 18:27:34,805 - INFO - Latest problem directory '초콜릿_식사' saved to latest_problem.txt
2025-07-01 18:27:47,561 - INFO - Project directory '초콜릿_식사' created for problem '초콜릿 식사'
2025-07-01 18:27:47,561 - INFO - Appended content from template.cpp to 초콜릿_식사/main.cpp
2025-07-01 18:27:47,563 - INFO - Code template for '초콜릿 식사' written to 초콜릿_식사\main.cpp
2025-07-01 18:27:47,564 - INFO - Sample test case 1 written to 초콜릿_식사\input1.txt and 초콜릿_식사\output1.txt
2025-07-01 18:27:47,564 - INFO - Limits for '초콜릿 식사' written to 초콜릿_식사\limits.txt
2025-07-01 18:27:47,566 - INFO - Latest problem directory '초콜릿_식사' saved to latest_problem.txt
2025-07-01 19:20:41,002 - INFO - Project directory '개똥벌레' created for problem '개똥벌레'
2025-07-01 19:20:41,003 - INFO - Appended content from template.cpp to 개똥벌레/main.cpp
2025-07-01 19:20:41,004 - INFO - Code template for '개똥벌레' written to 개똥벌레\main.cpp
2025-07-01 19:20:41,005 - INFO - Sample test case 1 written to 개똥벌레\input1.txt and 개똥벌레\output1.txt
2025-07-01 19:20:41,006 - INFO - Sample test case 2 written to 개똥벌레\input2.txt and 개똥벌레\output2.txt
2025-07-01 19:20:41,007 - INFO - Limits for '개똥벌레' written to 개똥벌레\limits.txt
2025-07-01 19:20:41,007 - INFO - Latest problem directory '개똥벌레' saved to latest_problem.txt
2025-07-01 20:32:01,891 - INFO - Project directory '개똥벌레' created for problem '개똥벌레'
2025-07-01 20:32:01,891 - INFO - Appended content from template.cpp to 개똥벌레/main.cpp
2025-07-01 20:32:01,892 - INFO - Code template for '개똥벌레' written to 개똥벌레\main.cpp
2025-07-01 20:32:01,893 - INFO - Sample test case 1 written to 개똥벌레\input1.txt and 개똥벌레\output1.txt
2025-07-01 20:32:01,894 - INFO - Sample test case 2 written to 개똥벌레\input2.txt and 개똥벌레\output2.txt
2025-07-01 20:32:01,894 - INFO - Limits for '개똥벌레' written to 개똥벌레\limits.txt
2025-07-01 20:32:01,894 - INFO - Latest problem directory '개똥벌레' saved to latest_problem.txt
2025-07-01 20:32:18,777 - INFO - Serving at port 10043
2025-07-01 20:32:20,456 - INFO - Project directory '개똥벌레' created for problem '개똥벌레'
2025-07-01 20:32:20,456 - INFO - Appended content from template.cpp to 개똥벌레/main.cpp
2025-07-01 20:32:20,457 - INFO - Code template for '개똥벌레' written to 개똥벌레\main.cpp
2025-07-01 20:32:20,457 - INFO - Sample test case 1 written to 개똥벌레\input1.txt and 개똥벌레\output1.txt
2025-07-01 20:32:20,458 - INFO - Sample test case 2 written to 개똥벌레\input2.txt and 개똥벌레\output2.txt
2025-07-01 20:32:20,458 - INFO - Limits for '개똥벌레' written to 개똥벌레\limits.txt
2025-07-01 20:32:20,459 - INFO - Latest problem directory '개똥벌레' saved to latest_problem.txt
2025-07-01 21:11:22,492 - INFO - Project directory '카드게임' created for problem '카드게임'
2025-07-01 21:11:22,492 - INFO - Appended content from template.cpp to 카드게임/main.cpp
2025-07-01 21:11:22,493 - INFO - Code template for '카드게임' written to 카드게임\main.cpp
2025-07-01 21:11:22,495 - INFO - Sample test case 1 written to 카드게임\input1.txt and 카드게임\output1.txt
2025-07-01 21:11:22,496 - INFO - Sample test case 2 written to 카드게임\input2.txt and 카드게임\output2.txt
2025-07-01 21:11:22,497 - INFO - Limits for '카드게임' written to 카드게임\limits.txt
2025-07-01 21:11:22,498 - INFO - Latest problem directory '카드게임' saved to latest_problem.txt
2025-07-02 09:49:13,111 - INFO - Serving at port 10043
2025-07-02 09:49:15,167 - INFO - Project directory '공약수' created for problem '공약수'
2025-07-02 09:49:15,167 - INFO - Appended content from template.cpp to 공약수/main.cpp
2025-07-02 09:49:15,168 - INFO - Code template for '공약수' written to 공약수\main.cpp
2025-07-02 09:49:15,168 - INFO - Sample test case 1 written to 공약수\input1.txt and 공약수\output1.txt
2025-07-02 09:49:15,169 - INFO - Sample test case 2 written to 공약수\input2.txt and 공약수\output2.txt
2025-07-02 09:49:15,170 - INFO - Limits for '공약수' written to 공약수\limits.txt
2025-07-02 09:49:15,170 - INFO - Latest problem directory '공약수' saved to latest_problem.txt
2025-07-02 14:51:42,703 - INFO - Serving at port 10043
2025-07-02 14:51:52,707 - INFO - Project directory '크리보드' created for problem '크리보드'
2025-07-02 14:51:52,708 - INFO - Appended content from template.cpp to 크리보드/main.cpp
2025-07-02 14:51:52,708 - INFO - Code template for '크리보드' written to 크리보드\main.cpp
2025-07-02 14:51:52,709 - INFO - Sample test case 1 written to 크리보드\input1.txt and 크리보드\output1.txt
2025-07-02 14:51:52,711 - INFO - Sample test case 2 written to 크리보드\input2.txt and 크리보드\output2.txt
2025-07-02 14:51:52,714 - INFO - Sample test case 3 written to 크리보드\input3.txt and 크리보드\output3.txt
2025-07-02 14:51:52,715 - INFO - Limits for '크리보드' written to 크리보드\limits.txt
2025-07-02 14:51:52,715 - INFO - Latest problem directory '크리보드' saved to latest_problem.txt
2025-07-02 17:36:04,638 - INFO - Project directory '크리보드' created for problem '크리보드'
2025-07-02 17:36:04,640 - INFO - Appended content from template.cpp to 크리보드/main.cpp
2025-07-02 17:36:04,641 - INFO - Code template for '크리보드' written to 크리보드\main.cpp
2025-07-02 17:36:04,642 - INFO - Sample test case 1 written to 크리보드\input1.txt and 크리보드\output1.txt
2025-07-02 17:36:04,643 - INFO - Sample test case 2 written to 크리보드\input2.txt and 크리보드\output2.txt
2025-07-02 17:36:04,644 - INFO - Sample test case 3 written to 크리보드\input3.txt and 크리보드\output3.txt
2025-07-02 17:36:04,644 - INFO - Limits for '크리보드' written to 크리보드\limits.txt
2025-07-02 17:36:04,645 - INFO - Latest problem directory '크리보드' saved to latest_problem.txt
2025-07-02 17:37:59,170 - INFO - Serving at port 10043
2025-07-02 17:38:02,245 - INFO - Project directory '크리보드' created for problem '크리보드'
2025-07-02 17:38:02,246 - INFO - Appended content from template.cpp to 크리보드/main.cpp
2025-07-02 17:38:02,246 - INFO - Code template for '크리보드' written to 크리보드\main.cpp
2025-07-02 17:38:02,247 - INFO - Sample test case 1 written to 크리보드\input1.txt and 크리보드\output1.txt
2025-07-02 17:38:02,248 - INFO - Sample test case 2 written to 크리보드\input2.txt and 크리보드\output2.txt
2025-07-02 17:38:02,249 - INFO - Sample test case 3 written to 크리보드\input3.txt and 크리보드\output3.txt
2025-07-02 17:38:02,250 - INFO - Limits for '크리보드' written to 크리보드\limits.txt
2025-07-02 17:38:02,250 - INFO - Latest problem directory '크리보드' saved to latest_problem.txt
2025-07-03 08:20:39,928 - INFO - Serving at port 10043
2025-07-03 08:20:47,423 - INFO - Project directory '겹치는_선분' created for problem '겹치는 선분'
2025-07-03 08:20:47,423 - INFO - Appended content from template.cpp to 겹치는_선분/main.cpp
2025-07-03 08:20:47,424 - INFO - Code template for '겹치는 선분' written to 겹치는_선분\main.cpp
2025-07-03 08:20:47,426 - INFO - Sample test case 1 written to 겹치는_선분\input1.txt and 겹치는_선분\output1.txt
2025-07-03 08:20:47,428 - INFO - Limits for '겹치는 선분' written to 겹치는_선분\limits.txt
2025-07-03 08:20:47,429 - INFO - Latest problem directory '겹치는_선분' saved to latest_problem.txt
2025-07-03 13:39:24,936 - INFO - Project directory '제로' created for problem '제로'
2025-07-03 13:39:24,936 - INFO - Appended content from template.cpp to 제로/main.cpp
2025-07-03 13:39:24,937 - INFO - Code template for '제로' written to 제로\main.cpp
2025-07-03 13:39:24,938 - INFO - Sample test case 1 written to 제로\input1.txt and 제로\output1.txt
2025-07-03 13:39:24,939 - INFO - Sample test case 2 written to 제로\input2.txt and 제로\output2.txt
2025-07-03 13:39:24,940 - INFO - Limits for '제로' written to 제로\limits.txt
2025-07-03 13:39:24,940 - INFO - Latest problem directory '제로' saved to latest_problem.txt
2025-07-03 14:15:48,916 - INFO - Project directory '오큰수' created for problem '오큰수'
2025-07-03 14:15:48,916 - INFO - Appended content from template.cpp to 오큰수/main.cpp
2025-07-03 14:15:48,917 - INFO - Code template for '오큰수' written to 오큰수\main.cpp
2025-07-03 14:15:48,918 - INFO - Sample test case 1 written to 오큰수\input1.txt and 오큰수\output1.txt
2025-07-03 14:15:48,919 - INFO - Sample test case 2 written to 오큰수\input2.txt and 오큰수\output2.txt
2025-07-03 14:15:48,920 - INFO - Limits for '오큰수' written to 오큰수\limits.txt
2025-07-03 14:15:48,920 - INFO - Latest problem directory '오큰수' saved to latest_problem.txt
2025-07-03 16:12:48,704 - INFO - Project directory '히스토그램에서_가장_큰_직사각형' created for problem '히스토그램에서 가장 큰 직사각형'
2025-07-03 16:12:48,705 - INFO - Appended content from template.cpp to 히스토그램에서_가장_큰_직사각형/main.cpp
2025-07-03 16:12:48,706 - INFO - Code template for '히스토그램에서 가장 큰 직사각형' written to 히스토그램에서_가장_큰_직사각형\main.cpp
2025-07-03 16:12:48,707 - INFO - Sample test case 1 written to 히스토그램에서_가장_큰_직사각형\input1.txt and 히스토그램에서_가장_큰_직사각형\output1.txt
2025-07-03 16:12:48,708 - INFO - Limits for '히스토그램에서 가장 큰 직사각형' written to 히스토그램에서_가장_큰_직사각형\limits.txt
2025-07-03 16:12:48,708 - INFO - Latest problem directory '히스토그램에서_가장_큰_직사각형' saved to latest_problem.txt
2025-07-03 21:26:19,156 - INFO - Serving at port 10043
2025-07-03 22:01:16,617 - INFO - Project directory '히스토그램' created for problem '히스토그램'
2025-07-03 22:01:16,618 - INFO - Appended content from template.cpp to 히스토그램/main.cpp
2025-07-03 22:01:16,619 - INFO - Code template for '히스토그램' written to 히스토그램\main.cpp
2025-07-03 22:01:16,620 - INFO - Sample test case 1 written to 히스토그램\input1.txt and 히스토그램\output1.txt
2025-07-03 22:01:16,621 - INFO - Limits for '히스토그램' written to 히스토그램\limits.txt
2025-07-03 22:01:16,621 - INFO - Latest problem directory '히스토그램' saved to latest_problem.txt
2025-07-03 22:03:03,237 - INFO - Project directory '창고_다각형' created for problem '창고 다각형'
2025-07-03 22:03:03,237 - INFO - Appended content from template.cpp to 창고_다각형/main.cpp
2025-07-03 22:03:03,237 - INFO - Code template for '창고 다각형' written to 창고_다각형\main.cpp
2025-07-03 22:03:03,239 - INFO - Sample test case 1 written to 창고_다각형\input1.txt and 창고_다각형\output1.txt
2025-07-03 22:03:03,239 - INFO - Limits for '창고 다각형' written to 창고_다각형\limits.txt
2025-07-03 22:03:03,240 - INFO - Latest problem directory '창고_다각형' saved to latest_problem.txt
2025-07-04 09:05:15,553 - INFO - Project directory '문자열_폭발' created for problem '문자열 폭발'
2025-07-04 09:05:15,554 - INFO - Appended content from template.cpp to 문자열_폭발/main.cpp
2025-07-04 09:05:15,555 - INFO - Code template for '문자열 폭발' written to 문자열_폭발\main.cpp
2025-07-04 09:05:15,555 - INFO - Sample test case 1 written to 문자열_폭발\input1.txt and 문자열_폭발\output1.txt
2025-07-04 09:05:15,556 - INFO - Sample test case 2 written to 문자열_폭발\input2.txt and 문자열_폭발\output2.txt
2025-07-04 09:05:15,557 - INFO - Limits for '문자열 폭발' written to 문자열_폭발\limits.txt
2025-07-04 09:05:15,557 - INFO - Latest problem directory '문자열_폭발' saved to latest_problem.txt
2025-07-04 16:25:53,365 - INFO - Project directory '도키도키_간식드리미' created for problem '도키도키 간식드리미'
2025-07-04 16:25:53,366 - INFO - Appended content from template.cpp to 도키도키_간식드리미/main.cpp
2025-07-04 16:25:53,367 - INFO - Code template for '도키도키 간식드리미' written to 도키도키_간식드리미\main.cpp
2025-07-04 16:25:53,367 - INFO - Sample test case 1 written to 도키도키_간식드리미\input1.txt and 도키도키_간식드리미\output1.txt
2025-07-04 16:25:53,368 - INFO - Limits for '도키도키 간식드리미' written to 도키도키_간식드리미\limits.txt
2025-07-04 16:25:53,368 - INFO - Latest problem directory '도키도키_간식드리미' saved to latest_problem.txt
2025-07-04 17:29:06,675 - INFO - Project directory 'queuestack' created for problem 'queuestack'
2025-07-04 17:29:06,676 - INFO - Appended content from template.cpp to queuestack/main.cpp
2025-07-04 17:29:06,677 - INFO - Code template for 'queuestack' written to queuestack\main.cpp
2025-07-04 17:29:06,678 - INFO - Sample test case 1 written to queuestack\input1.txt and queuestack\output1.txt
2025-07-04 17:29:06,679 - INFO - Sample test case 2 written to queuestack\input2.txt and queuestack\output2.txt
2025-07-04 17:29:06,679 - INFO - Limits for 'queuestack' written to queuestack\limits.txt
2025-07-04 17:29:06,680 - INFO - Latest problem directory 'queuestack' saved to latest_problem.txt
2025-07-04 19:11:01,831 - INFO - Project directory '오등큰수' created for problem '오등큰수'
2025-07-04 19:11:01,832 - INFO - Appended content from template.cpp to 오등큰수/main.cpp
2025-07-04 19:11:01,833 - INFO - Code template for '오등큰수' written to 오등큰수\main.cpp
2025-07-04 19:11:01,834 - INFO - Sample test case 1 written to 오등큰수\input1.txt and 오등큰수\output1.txt
2025-07-04 19:11:01,835 - INFO - Limits for '오등큰수' written to 오등큰수\limits.txt
2025-07-04 19:11:01,836 - INFO - Latest problem directory '오등큰수' saved to latest_problem.txt
2025-07-04 20:43:57,676 - INFO - Project directory '두_용액' created for problem '두 용액'
2025-07-04 20:43:57,677 - INFO - Appended content from template.cpp to 두_용액/main.cpp
2025-07-04 20:43:57,678 - INFO - Code template for '두 용액' written to 두_용액\main.cpp
2025-07-04 20:43:57,679 - INFO - Sample test case 1 written to 두_용액\input1.txt and 두_용액\output1.txt
2025-07-04 20:43:57,680 - INFO - Limits for '두 용액' written to 두_용액\limits.txt
2025-07-04 20:43:57,680 - INFO - Latest problem directory '두_용액' saved to latest_problem.txt
2025-07-04 21:36:39,530 - INFO - Project directory '과일_탕후루' created for problem '과일 탕후루'
2025-07-04 21:36:39,531 - INFO - Appended content from template.cpp to 과일_탕후루/main.cpp
2025-07-04 21:36:39,532 - INFO - Code template for '과일 탕후루' written to 과일_탕후루\main.cpp
2025-07-04 21:36:39,532 - INFO - Sample test case 1 written to 과일_탕후루\input1.txt and 과일_탕후루\output1.txt
2025-07-04 21:36:39,533 - INFO - Sample test case 2 written to 과일_탕후루\input2.txt and 과일_탕후루\output2.txt
2025-07-04 21:36:39,544 - INFO - Sample test case 3 written to 과일_탕후루\input3.txt and 과일_탕후루\output3.txt
2025-07-04 21:36:39,545 - INFO - Limits for '과일 탕후루' written to 과일_탕후루\limits.txt
2025-07-04 21:36:39,545 - INFO - Latest problem directory '과일_탕후루' saved to latest_problem.txt
2025-07-05 08:25:56,226 - INFO - Project directory '랜선_자르기' created for problem '랜선 자르기'
2025-07-05 08:25:56,227 - INFO - Appended content from template.cpp to 랜선_자르기/main.cpp
2025-07-05 08:25:56,228 - INFO - Code template for '랜선 자르기' written to 랜선_자르기\main.cpp
2025-07-05 08:25:56,229 - INFO - Sample test case 1 written to 랜선_자르기\input1.txt and 랜선_자르기\output1.txt
2025-07-05 08:25:56,230 - INFO - Limits for '랜선 자르기' written to 랜선_자르기\limits.txt
2025-07-05 08:25:56,230 - INFO - Latest problem directory '랜선_자르기' saved to latest_problem.txt
2025-07-05 09:41:09,356 - INFO - Serving at port 10043
2025-07-05 10:00:47,245 - INFO - Project directory '평범한_배낭' created for problem '평범한 배낭'
2025-07-05 10:00:47,245 - INFO - Appended content from template.cpp to 평범한_배낭/main.cpp
2025-07-05 10:00:47,246 - INFO - Code template for '평범한 배낭' written to 평범한_배낭\main.cpp
2025-07-05 10:00:47,247 - INFO - Sample test case 1 written to 평범한_배낭\input1.txt and 평범한_배낭\output1.txt
2025-07-05 10:00:47,247 - INFO - Limits for '평범한 배낭' written to 평범한_배낭\limits.txt
2025-07-05 10:00:47,247 - INFO - Latest problem directory '평범한_배낭' saved to latest_problem.txt
2025-07-06 09:06:00,708 - INFO - Serving at port 10043
2025-07-06 09:27:22,651 - INFO - Project directory '장신구_명장_임스' created for problem '장신구 명장 임스'
2025-07-06 09:27:22,651 - INFO - Appended content from template.cpp to 장신구_명장_임스/main.cpp
2025-07-06 09:27:22,652 - INFO - Code template for '장신구 명장 임스' written to 장신구_명장_임스\main.cpp
2025-07-06 09:27:22,652 - INFO - Sample test case 1 written to 장신구_명장_임스\input1.txt and 장신구_명장_임스\output1.txt
2025-07-06 09:27:22,653 - INFO - Sample test case 2 written to 장신구_명장_임스\input2.txt and 장신구_명장_임스\output2.txt
2025-07-06 09:27:22,653 - INFO - Limits for '장신구 명장 임스' written to 장신구_명장_임스\limits.txt
2025-07-06 09:27:22,654 - INFO - Latest problem directory '장신구_명장_임스' saved to latest_problem.txt
2025-07-06 09:27:47,279 - INFO - Project directory '장신구_명장_임스' created for problem '장신구 명장 임스'
2025-07-06 09:27:47,280 - INFO - Appended content from template.cpp to 장신구_명장_임스/main.cpp
2025-07-06 09:27:47,280 - INFO - Code template for '장신구 명장 임스' written to 장신구_명장_임스\main.cpp
2025-07-06 09:27:47,281 - INFO - Sample test case 1 written to 장신구_명장_임스\input1.txt and 장신구_명장_임스\output1.txt
2025-07-06 09:27:47,282 - INFO - Sample test case 2 written to 장신구_명장_임스\input2.txt and 장신구_명장_임스\output2.txt
2025-07-06 09:27:47,282 - INFO - Limits for '장신구 명장 임스' written to 장신구_명장_임스\limits.txt
2025-07-06 09:27:47,283 - INFO - Latest problem directory '장신구_명장_임스' saved to latest_problem.txt
2025-07-06 09:27:59,524 - INFO - Project directory '장신구_명장_임스' created for problem '장신구 명장 임스'
2025-07-06 09:27:59,524 - INFO - Appended content from template.cpp to 장신구_명장_임스/main.cpp
2025-07-06 09:27:59,525 - INFO - Code template for '장신구 명장 임스' written to 장신구_명장_임스\main.cpp
2025-07-06 09:27:59,526 - INFO - Sample test case 1 written to 장신구_명장_임스\input1.txt and 장신구_명장_임스\output1.txt
2025-07-06 09:27:59,527 - INFO - Sample test case 2 written to 장신구_명장_임스\input2.txt and 장신구_명장_임스\output2.txt
2025-07-06 09:27:59,528 - INFO - Limits for '장신구 명장 임스' written to 장신구_명장_임스\limits.txt
2025-07-06 09:27:59,528 - INFO - Latest problem directory '장신구_명장_임스' saved to latest_problem.txt
2025-07-06 09:28:30,513 - INFO - Project directory '장신구_명장_임스' created for problem '장신구 명장 임스'
2025-07-06 09:28:30,513 - INFO - Appended content from template.cpp to 장신구_명장_임스/main.cpp
2025-07-06 09:28:30,514 - INFO - Code template for '장신구 명장 임스' written to 장신구_명장_임스\main.cpp
2025-07-06 09:28:30,515 - INFO - Sample test case 1 written to 장신구_명장_임스\input1.txt and 장신구_명장_임스\output1.txt
2025-07-06 09:28:30,516 - INFO - Sample test case 2 written to 장신구_명장_임스\input2.txt and 장신구_명장_임스\output2.txt
2025-07-06 09:28:30,517 - INFO - Limits for '장신구 명장 임스' written to 장신구_명장_임스\limits.txt
2025-07-06 09:28:30,518 - INFO - Latest problem directory '장신구_명장_임스' saved to latest_problem.txt
2025-07-06 09:28:50,120 - INFO - Serving at port 10043
2025-07-06 09:28:56,930 - INFO - Project directory '평범한_배낭' created for problem '평범한 배낭'
2025-07-06 09:28:56,930 - INFO - Appended content from template.cpp to 평범한_배낭/main.cpp
2025-07-06 09:28:56,931 - INFO - Code template for '평범한 배낭' written to 평범한_배낭\main.cpp
2025-07-06 09:28:56,932 - INFO - Sample test case 1 written to 평범한_배낭\input1.txt and 평범한_배낭\output1.txt
2025-07-06 09:28:56,932 - INFO - Limits for '평범한 배낭' written to 평범한_배낭\limits.txt
2025-07-06 09:28:56,932 - INFO - Latest problem directory '평범한_배낭' saved to latest_problem.txt
2025-07-06 09:48:32,661 - INFO - Serving at port 10043
2025-07-06 09:48:36,472 - INFO - Serving at port 10043
2025-07-06 09:49:02,088 - INFO - Project directory 'BOJ_12865' created for problem '평범한 배낭'
2025-07-06 09:49:02,088 - INFO - Appended content from template.cpp to BOJ_12865/main.cpp
2025-07-06 09:49:02,089 - INFO - Code template for '평범한 배낭' written to BOJ_12865\main.cpp
2025-07-06 09:49:02,090 - INFO - Sample test case 1 written to BOJ_12865\input1.txt and BOJ_12865\output1.txt
2025-07-06 09:49:02,091 - INFO - Limits for '평범한 배낭' written to BOJ_12865\limits.txt
2025-07-06 09:49:02,091 - INFO - Latest problem directory 'BOJ_12865' saved to latest_problem.txt
2025-07-06 10:58:33,770 - INFO - Serving at port 10043
2025-07-06 10:58:37,899 - INFO - Project directory 'BOJ_2579' created for problem '계단 오르기'
2025-07-06 10:58:37,899 - INFO - Appended content from template.cpp to BOJ_2579/main.cpp
2025-07-06 10:58:37,900 - INFO - Code template for '계단 오르기' written to BOJ_2579\main.cpp
2025-07-06 10:58:37,901 - INFO - Sample test case 1 written to BOJ_2579\input1.txt and BOJ_2579\output1.txt
2025-07-06 10:58:37,902 - INFO - Limits for '계단 오르기' written to BOJ_2579\limits.txt
2025-07-06 10:58:37,902 - INFO - Latest problem directory 'BOJ_2579' saved to latest_problem.txt
2025-07-06 12:35:10,579 - INFO - Project directory 'BOJ_2110' created for problem '공유기 설치'
2025-07-06 12:35:10,580 - INFO - Appended content from template.cpp to BOJ_2110/main.cpp
2025-07-06 12:35:10,580 - INFO - Code template for '공유기 설치' written to BOJ_2110\main.cpp
2025-07-06 12:35:10,581 - INFO - Sample test case 1 written to BOJ_2110\input1.txt and BOJ_2110\output1.txt
2025-07-06 12:35:10,581 - INFO - Limits for '공유기 설치' written to BOJ_2110\limits.txt
2025-07-06 12:35:10,582 - INFO - Latest problem directory 'BOJ_2110' saved to latest_problem.txt
2025-07-06 14:15:50,992 - INFO - Project directory 'BOJ_2473' created for problem '세 용액'
2025-07-06 14:15:50,993 - INFO - Appended content from template.cpp to BOJ_2473/main.cpp
2025-07-06 14:15:50,994 - INFO - Code template for '세 용액' written to BOJ_2473\main.cpp
2025-07-06 14:15:50,997 - INFO - Sample test case 1 written to BOJ_2473\input1.txt and BOJ_2473\output1.txt
2025-07-06 14:15:50,998 - INFO - Sample test case 2 written to BOJ_2473\input2.txt and BOJ_2473\output2.txt
2025-07-06 14:15:50,999 - INFO - Limits for '세 용액' written to BOJ_2473\limits.txt
2025-07-06 14:15:50,999 - INFO - Latest problem directory 'BOJ_2473' saved to latest_problem.txt
2025-07-06 15:45:39,084 - INFO - Project directory 'BOJ_1149' created for problem 'RGB거리'
2025-07-06 15:45:39,085 - INFO - Appended content from template.cpp to BOJ_1149/main.cpp
2025-07-06 15:45:39,086 - INFO - Code template for 'RGB거리' written to BOJ_1149\main.cpp
2025-07-06 15:45:39,086 - INFO - Sample test case 1 written to BOJ_1149\input1.txt and BOJ_1149\output1.txt
2025-07-06 15:45:39,087 - INFO - Sample test case 2 written to BOJ_1149\input2.txt and BOJ_1149\output2.txt
2025-07-06 15:45:39,090 - INFO - Sample test case 3 written to BOJ_1149\input3.txt and BOJ_1149\output3.txt
2025-07-06 15:45:39,091 - INFO - Sample test case 4 written to BOJ_1149\input4.txt and BOJ_1149\output4.txt
2025-07-06 15:45:39,092 - INFO - Sample test case 5 written to BOJ_1149\input5.txt and BOJ_1149\output5.txt
2025-07-06 15:45:39,092 - INFO - Limits for 'RGB거리' written to BOJ_1149\limits.txt
2025-07-06 15:45:39,092 - INFO - Latest problem directory 'BOJ_1149' saved to latest_problem.txt
2025-07-06 16:19:32,131 - INFO - Project directory 'BOJ_2565' created for problem '전깃줄'
2025-07-06 16:19:32,132 - INFO - Appended content from template.cpp to BOJ_2565/main.cpp
2025-07-06 16:19:32,133 - INFO - Code template for '전깃줄' written to BOJ_2565\main.cpp
2025-07-06 16:19:32,135 - INFO - Sample test case 1 written to BOJ_2565\input1.txt and BOJ_2565\output1.txt
2025-07-06 16:19:32,136 - INFO - Limits for '전깃줄' written to BOJ_2565\limits.txt
2025-07-06 16:19:32,136 - INFO - Latest problem directory 'BOJ_2565' saved to latest_problem.txt
2025-07-06 17:19:55,704 - INFO - Project directory 'BOJ_11053' created for problem '가장 긴 증가하는 부분 수열'
2025-07-06 17:19:55,705 - INFO - Appended content from template.cpp to BOJ_11053/main.cpp
2025-07-06 17:19:55,712 - INFO - Code template for '가장 긴 증가하는 부분 수열' written to BOJ_11053\main.cpp
2025-07-06 17:19:55,713 - INFO - Sample test case 1 written to BOJ_11053\input1.txt and BOJ_11053\output1.txt
2025-07-06 17:19:55,713 - INFO - Limits for '가장 긴 증가하는 부분 수열' written to BOJ_11053\limits.txt
2025-07-06 17:19:55,714 - INFO - Latest problem directory 'BOJ_11053' saved to latest_problem.txt
2025-07-06 17:37:58,262 - INFO - Project directory 'BOJ_2565' created for problem '전깃줄'
2025-07-06 17:37:58,263 - INFO - Appended content from template.cpp to BOJ_2565/main.cpp
2025-07-06 17:37:58,264 - INFO - Code template for '전깃줄' written to BOJ_2565\main.cpp
2025-07-06 17:37:58,264 - INFO - Sample test case 1 written to BOJ_2565\input1.txt and BOJ_2565\output1.txt
2025-07-06 17:37:58,265 - INFO - Limits for '전깃줄' written to BOJ_2565\limits.txt
2025-07-06 17:37:58,265 - INFO - Latest problem directory 'BOJ_2565' saved to latest_problem.txt
2025-07-06 20:17:53,796 - INFO - Project directory 'BOJ_3078' created for problem '좋은 친구'
2025-07-06 20:17:53,797 - INFO - Appended content from template.cpp to BOJ_3078/main.cpp
2025-07-06 20:17:53,803 - INFO - Code template for '좋은 친구' written to BOJ_3078\main.cpp
2025-07-06 20:17:53,804 - INFO - Sample test case 1 written to BOJ_3078\input1.txt and BOJ_3078\output1.txt
2025-07-06 20:17:53,806 - INFO - Sample test case 2 written to BOJ_3078\input2.txt and BOJ_3078\output2.txt
2025-07-06 20:17:53,806 - INFO - Limits for '좋은 친구' written to BOJ_3078\limits.txt
2025-07-06 20:17:53,807 - INFO - Latest problem directory 'BOJ_3078' saved to latest_problem.txt
2025-07-06 21:14:03,861 - INFO - Project directory 'BOJ_10944' created for problem '랜덤 게임~~'
2025-07-06 21:14:03,862 - INFO - Appended content from template.cpp to BOJ_10944/main.cpp
2025-07-06 21:14:03,862 - INFO - Code template for '랜덤 게임~~' written to BOJ_10944\main.cpp
2025-07-06 21:14:03,863 - INFO - Sample test case 1 written to BOJ_10944\input1.txt and BOJ_10944\output1.txt
2025-07-06 21:14:03,864 - INFO - Limits for '랜덤 게임~~' written to BOJ_10944\limits.txt
2025-07-06 21:14:03,865 - INFO - Latest problem directory 'BOJ_10944' saved to latest_problem.txt
2025-07-06 21:27:05,338 - INFO - Project directory 'BOJ_1931' created for problem '회의실 배정'
2025-07-06 21:27:05,338 - INFO - Appended content from template.cpp to BOJ_1931/main.cpp
2025-07-06 21:27:05,339 - INFO - Code template for '회의실 배정' written to BOJ_1931\main.cpp
2025-07-06 21:27:05,340 - INFO - Sample test case 1 written to BOJ_1931\input1.txt and BOJ_1931\output1.txt
2025-07-06 21:27:05,340 - INFO - Limits for '회의실 배정' written to BOJ_1931\limits.txt
2025-07-06 21:27:05,341 - INFO - Latest problem directory 'BOJ_1931' saved to latest_problem.txt
2025-07-06 22:30:17,038 - INFO - Project directory 'BOJ_9251' created for problem 'LCS'
2025-07-06 22:30:17,039 - INFO - Appended content from template.cpp to BOJ_9251/main.cpp
2025-07-06 22:30:17,040 - INFO - Code template for 'LCS' written to BOJ_9251\main.cpp
2025-07-06 22:30:17,041 - INFO - Sample test case 1 written to BOJ_9251\input1.txt and BOJ_9251\output1.txt
2025-07-06 22:30:17,041 - INFO - Limits for 'LCS' written to BOJ_9251\limits.txt
2025-07-06 22:30:17,042 - INFO - Latest problem directory 'BOJ_9251' saved to latest_problem.txt
2025-07-07 11:09:30,995 - INFO - Project directory 'BOJ_1991' created for problem '트리 순회'
2025-07-07 11:09:30,996 - INFO - Appended content from template.cpp to BOJ_1991/main.cpp
2025-07-07 11:09:30,997 - INFO - Code template for '트리 순회' written to BOJ_1991\main.cpp
2025-07-07 11:09:31,003 - INFO - Sample test case 1 written to BOJ_1991\input1.txt and BOJ_1991\output1.txt
2025-07-07 11:09:31,003 - INFO - Limits for '트리 순회' written to BOJ_1991\limits.txt
2025-07-07 11:09:31,004 - INFO - Latest problem directory 'BOJ_1991' saved to latest_problem.txt
2025-07-07 11:24:05,787 - INFO - Project directory 'BOJ_25305' created for problem '커트라인'
2025-07-07 11:24:05,787 - INFO - Appended content from template.cpp to BOJ_25305/main.cpp
2025-07-07 11:24:05,788 - INFO - Code template for '커트라인' written to BOJ_25305\main.cpp
2025-07-07 11:24:05,789 - INFO - Sample test case 1 written to BOJ_25305\input1.txt and BOJ_25305\output1.txt
2025-07-07 11:24:05,790 - INFO - Limits for '커트라인' written to BOJ_25305\limits.txt
2025-07-07 11:24:05,790 - INFO - Latest problem directory 'BOJ_25305' saved to latest_problem.txt
2025-07-07 11:25:30,376 - INFO - Project directory 'BOJ_9465' created for problem '스티커'
2025-07-07 11:25:30,377 - INFO - Appended content from template.cpp to BOJ_9465/main.cpp
2025-07-07 11:25:30,378 - INFO - Code template for '스티커' written to BOJ_9465\main.cpp
2025-07-07 11:25:30,378 - INFO - Sample test case 1 written to BOJ_9465\input1.txt and BOJ_9465\output1.txt
2025-07-07 11:25:30,379 - INFO - Limits for '스티커' written to BOJ_9465\limits.txt
2025-07-07 11:25:30,379 - INFO - Latest problem directory 'BOJ_9465' saved to latest_problem.txt
2025-07-07 12:47:19,679 - INFO - Project directory 'BOJ_11052' created for problem '카드 구매하기'
2025-07-07 12:47:19,680 - INFO - Appended content from template.cpp to BOJ_11052/main.cpp
2025-07-07 12:47:19,681 - INFO - Code template for '카드 구매하기' written to BOJ_11052\main.cpp
2025-07-07 12:47:19,682 - INFO - Sample test case 1 written to BOJ_11052\input1.txt and BOJ_11052\output1.txt
2025-07-07 12:47:19,683 - INFO - Sample test case 2 written to BOJ_11052\input2.txt and BOJ_11052\output2.txt
2025-07-07 12:47:19,690 - INFO - Sample test case 3 written to BOJ_11052\input3.txt and BOJ_11052\output3.txt
2025-07-07 12:47:19,691 - INFO - Sample test case 4 written to BOJ_11052\input4.txt and BOJ_11052\output4.txt
2025-07-07 12:47:19,692 - INFO - Sample test case 5 written to BOJ_11052\input5.txt and BOJ_11052\output5.txt
2025-07-07 12:47:19,693 - INFO - Sample test case 6 written to BOJ_11052\input6.txt and BOJ_11052\output6.txt
2025-07-07 12:47:19,694 - INFO - Limits for '카드 구매하기' written to BOJ_11052\limits.txt
2025-07-07 12:47:19,695 - INFO - Latest problem directory 'BOJ_11052' saved to latest_problem.txt
2025-07-07 13:07:45,192 - INFO - Project directory 'BOJ_5525' created for problem 'IOIOI'
2025-07-07 13:07:45,193 - INFO - Appended content from template.cpp to BOJ_5525/main.cpp
2025-07-07 13:07:45,199 - INFO - Code template for 'IOIOI' written to BOJ_5525\main.cpp
2025-07-07 13:07:45,200 - INFO - Sample test case 1 written to BOJ_5525\input1.txt and BOJ_5525\output1.txt
2025-07-07 13:07:45,201 - INFO - Sample test case 2 written to BOJ_5525\input2.txt and BOJ_5525\output2.txt
2025-07-07 13:07:45,202 - INFO - Limits for 'IOIOI' written to BOJ_5525\limits.txt
2025-07-07 13:07:45,202 - INFO - Latest problem directory 'BOJ_5525' saved to latest_problem.txt
2025-07-07 14:30:22,086 - INFO - Project directory 'BOJ_2212' created for problem '센서'
2025-07-07 14:30:22,087 - INFO - Appended content from template.cpp to BOJ_2212/main.cpp
2025-07-07 14:30:22,088 - INFO - Code template for '센서' written to BOJ_2212\main.cpp
2025-07-07 14:30:22,089 - INFO - Sample test case 1 written to BOJ_2212\input1.txt and BOJ_2212\output1.txt
2025-07-07 14:30:22,090 - INFO - Sample test case 2 written to BOJ_2212\input2.txt and BOJ_2212\output2.txt
2025-07-07 14:30:22,091 - INFO - Limits for '센서' written to BOJ_2212\limits.txt
2025-07-07 14:30:22,091 - INFO - Latest problem directory 'BOJ_2212' saved to latest_problem.txt
2025-07-07 15:20:40,532 - INFO - Project directory 'BOJ_1092' created for problem '배'
2025-07-07 15:20:40,533 - INFO - Appended content from template.cpp to BOJ_1092/main.cpp
2025-07-07 15:20:40,534 - INFO - Code template for '배' written to BOJ_1092\main.cpp
2025-07-07 15:20:40,534 - INFO - Sample test case 1 written to BOJ_1092\input1.txt and BOJ_1092\output1.txt
2025-07-07 15:20:40,535 - INFO - Sample test case 2 written to BOJ_1092\input2.txt and BOJ_1092\output2.txt
2025-07-07 15:20:40,538 - INFO - Sample test case 3 written to BOJ_1092\input3.txt and BOJ_1092\output3.txt
2025-07-07 15:20:40,540 - INFO - Sample test case 4 written to BOJ_1092\input4.txt and BOJ_1092\output4.txt
2025-07-07 15:20:40,540 - INFO - Limits for '배' written to BOJ_1092\limits.txt
2025-07-07 15:20:40,541 - INFO - Latest problem directory 'BOJ_1092' saved to latest_problem.txt
2025-07-07 18:01:58,394 - INFO - Project directory 'BOJ_4158' created for problem 'CD'
2025-07-07 18:01:58,396 - INFO - Appended content from template.cpp to BOJ_4158/main.cpp
2025-07-07 18:01:58,396 - INFO - Code template for 'CD' written to BOJ_4158\main.cpp
2025-07-07 18:01:58,397 - INFO - Sample test case 1 written to BOJ_4158\input1.txt and BOJ_4158\output1.txt
2025-07-07 18:01:58,398 - INFO - Limits for 'CD' written to BOJ_4158\limits.txt
2025-07-07 18:01:58,398 - INFO - Latest problem directory 'BOJ_4158' saved to latest_problem.txt
2025-07-07 18:40:54,140 - INFO - Project directory 'BOJ_14500' created for problem '테트로미노'
2025-07-07 18:40:54,141 - INFO - Appended content from template.cpp to BOJ_14500/main.cpp
2025-07-07 18:40:54,142 - INFO - Code template for '테트로미노' written to BOJ_14500\main.cpp
2025-07-07 18:40:54,143 - INFO - Sample test case 1 written to BOJ_14500\input1.txt and BOJ_14500\output1.txt
2025-07-07 18:40:54,144 - INFO - Sample test case 2 written to BOJ_14500\input2.txt and BOJ_14500\output2.txt
2025-07-07 18:40:54,152 - INFO - Sample test case 3 written to BOJ_14500\input3.txt and BOJ_14500\output3.txt
2025-07-07 18:40:54,153 - INFO - Limits for '테트로미노' written to BOJ_14500\limits.txt
2025-07-07 18:40:54,154 - INFO - Latest problem directory 'BOJ_14500' saved to latest_problem.txt
2025-07-07 21:55:54,945 - INFO - Project directory 'BOJ_1715' created for problem '카드 정렬하기'
2025-07-07 21:55:54,946 - INFO - Appended content from template.cpp to BOJ_1715/main.cpp
2025-07-07 21:55:54,947 - INFO - Code template for '카드 정렬하기' written to BOJ_1715\main.cpp
2025-07-07 21:55:54,949 - INFO - Sample test case 1 written to BOJ_1715\input1.txt and BOJ_1715\output1.txt
2025-07-07 21:55:54,949 - INFO - Limits for '카드 정렬하기' written to BOJ_1715\limits.txt
2025-07-07 21:55:54,950 - INFO - Latest problem directory 'BOJ_1715' saved to latest_problem.txt
2025-07-07 22:15:31,019 - INFO - Serving at port 10043
2025-07-07 22:15:32,188 - INFO - Project directory 'BOJ_1368' created for problem '물대기'
2025-07-07 22:15:32,189 - INFO - Appended content from template.cpp to BOJ_1368/main.cpp
2025-07-07 22:15:32,189 - INFO - Code template for '물대기' written to BOJ_1368\main.cpp
2025-07-07 22:15:32,193 - INFO - Sample test case 1 written to BOJ_1368\input1.txt and BOJ_1368\output1.txt
2025-07-07 22:15:32,193 - INFO - Limits for '물대기' written to BOJ_1368\limits.txt
2025-07-07 22:15:32,194 - INFO - Latest problem directory 'BOJ_1368' saved to latest_problem.txt
2025-07-08 08:26:06,889 - INFO - Project directory 'BOJ_15663' created for problem 'N과 M (9)'
2025-07-08 08:26:06,890 - INFO - Appended content from template.cpp to BOJ_15663/main.cpp
2025-07-08 08:26:06,891 - INFO - Code template for 'N과 M (9)' written to BOJ_15663\main.cpp
2025-07-08 08:26:06,898 - INFO - Sample test case 1 written to BOJ_15663\input1.txt and BOJ_15663\output1.txt
2025-07-08 08:26:06,899 - INFO - Sample test case 2 written to BOJ_15663\input2.txt and BOJ_15663\output2.txt
2025-07-08 08:26:06,900 - INFO - Sample test case 3 written to BOJ_15663\input3.txt and BOJ_15663\output3.txt
2025-07-08 08:26:06,901 - INFO - Limits for 'N과 M (9)' written to BOJ_15663\limits.txt
2025-07-08 08:26:06,901 - INFO - Latest problem directory 'BOJ_15663' saved to latest_problem.txt
2025-07-08 11:27:02,167 - INFO - Project directory 'BOJ_9184' created for problem '신나는 함수 실행'
2025-07-08 11:27:02,168 - INFO - Appended content from template.cpp to BOJ_9184/main.cpp
2025-07-08 11:27:02,169 - INFO - Code template for '신나는 함수 실행' written to BOJ_9184\main.cpp
2025-07-08 11:27:02,170 - INFO - Sample test case 1 written to BOJ_9184\input1.txt and BOJ_9184\output1.txt
2025-07-08 11:27:02,175 - INFO - Limits for '신나는 함수 실행' written to BOJ_9184\limits.txt
2025-07-08 11:27:02,175 - INFO - Latest problem directory 'BOJ_9184' saved to latest_problem.txt
2025-07-08 13:02:03,795 - INFO - Serving at port 10043
2025-07-08 13:02:05,522 - INFO - Project directory 'BOJ_1865' created for problem '웜홀'
2025-07-08 13:02:05,523 - INFO - Appended content from template.cpp to BOJ_1865/main.cpp
2025-07-08 13:02:05,523 - INFO - Code template for '웜홀' written to BOJ_1865\main.cpp
2025-07-08 13:02:05,524 - INFO - Sample test case 1 written to BOJ_1865\input1.txt and BOJ_1865\output1.txt
2025-07-08 13:02:05,525 - INFO - Limits for '웜홀' written to BOJ_1865\limits.txt
2025-07-08 13:02:05,525 - INFO - Latest problem directory 'BOJ_1865' saved to latest_problem.txt
2025-07-08 14:53:25,029 - INFO - Serving at port 10043
2025-07-08 14:53:28,570 - INFO - Project directory 'BOJ_2252' created for problem '줄 세우기'
2025-07-08 14:53:28,571 - INFO - Appended content from template.cpp to BOJ_2252/main.cpp
2025-07-08 14:53:28,572 - INFO - Code template for '줄 세우기' written to BOJ_2252\main.cpp
2025-07-08 14:53:28,573 - INFO - Sample test case 1 written to BOJ_2252\input1.txt and BOJ_2252\output1.txt
2025-07-08 14:53:28,574 - INFO - Sample test case 2 written to BOJ_2252\input2.txt and BOJ_2252\output2.txt
2025-07-08 14:53:28,574 - INFO - Limits for '줄 세우기' written to BOJ_2252\limits.txt
2025-07-08 14:53:28,575 - INFO - Latest problem directory 'BOJ_2252' saved to latest_problem.txt
2025-07-08 15:30:20,370 - INFO - Project directory 'BOJ_2252' created for problem '줄 세우기'
2025-07-08 15:30:20,372 - INFO - Appended content from template.cpp to BOJ_2252/main.cpp
2025-07-08 15:30:20,373 - INFO - Code template for '줄 세우기' written to BOJ_2252\main.cpp
2025-07-08 15:30:20,373 - INFO - Sample test case 1 written to BOJ_2252\input1.txt and BOJ_2252\output1.txt
2025-07-08 15:30:20,374 - INFO - Sample test case 2 written to BOJ_2252\input2.txt and BOJ_2252\output2.txt
2025-07-08 15:30:20,374 - INFO - Limits for '줄 세우기' written to BOJ_2252\limits.txt
2025-07-08 15:30:20,375 - INFO - Latest problem directory 'BOJ_2252' saved to latest_problem.txt
